# JRE version: OpenJDK Runtime Environment (8.0_242-b01) (build 1.8.0_242-release-1644-b01)
# Java VM: OpenJDK 64-Bit Server VM (25.242-b01 mixed mode windows-amd64 compressed oops)
Heap:
 PSYoungGen      total 419328K, used 60316K [0x00000000d5580000, 0x00000000ffe80000, 0x0000000100000000)
  eden space 393216K, 15% used [0x00000000d5580000,0x00000000d9067260,0x00000000ed580000)
  from space 26112K, 0% used [0x00000000ed580000,0x00000000ed580000,0x00000000eef00000)
  to   space 27136K, 0% used [0x00000000fe400000,0x00000000fe400000,0x00000000ffe80000)
 ParOldGen       total 177664K, used 32577K [0x0000000080000000, 0x000000008ad80000, 0x00000000d5580000)
  object space 177664K, 18% used [0x0000000080000000,0x0000000081fd0528,0x000000008ad80000)
 Metaspace       used 61499K, capacity 63644K, committed 63792K, reserved 1103872K
  class space    used 8434K, capacity 8936K, committed 9008K, reserved 1048576K
GC Heap History (10 events):
Event: 7.207 GC heap before
{Heap before GC invocations=6 (full 1):
 PSYoungGen      total 242688K, used 63143K [0x00000000d5580000, 0x00000000e6a80000, 0x0000000100000000)
  eden space 231936K, 22% used [0x00000000d5580000,0x00000000d88ae020,0x00000000e3800000)
  from space 10752K, 99% used [0x00000000e6000000,0x00000000e6a7bd70,0x00000000e6a80000)
  to   space 10752K, 0% used [0x00000000e5580000,0x00000000e5580000,0x00000000e6000000)
 ParOldGen       total 93184K, used 14702K [0x0000000080000000, 0x0000000085b00000, 0x00000000d5580000)
  object space 93184K, 15% used [0x0000000080000000,0x0000000080e5b988,0x0000000085b00000)
 Metaspace       used 34615K, capacity 35414K, committed 35496K, reserved 1079296K
  class space    used 4743K, capacity 4972K, committed 5040K, reserved 1048576K
Event: 7.213 GC heap after
Heap after GC invocations=6 (full 1):
 PSYoungGen      total 272896K, used 9019K [0x00000000d5580000, 0x00000000efe80000, 0x0000000100000000)
  eden space 262144K, 0% used [0x00000000d5580000,0x00000000d5580000,0x00000000e5580000)
  from space 10752K, 83% used [0x00000000e5580000,0x00000000e5e4eea0,0x00000000e6000000)
  to   space 15872K, 0% used [0x00000000eef00000,0x00000000eef00000,0x00000000efe80000)
 ParOldGen       total 93184K, used 14710K [0x0000000080000000, 0x0000000085b00000, 0x00000000d5580000)
  object space 93184K, 15% used [0x0000000080000000,0x0000000080e5d988,0x0000000085b00000)
 Metaspace       used 34615K, capacity 35414K, committed 35496K, reserved 1079296K
  class space    used 4743K, capacity 4972K, committed 5040K, reserved 1048576K
}
Event: 7.213 GC heap before
{Heap before GC invocations=7 (full 2):
 PSYoungGen      total 272896K, used 9019K [0x00000000d5580000, 0x00000000efe80000, 0x0000000100000000)
  eden space 262144K, 0% used [0x00000000d5580000,0x00000000d5580000,0x00000000e5580000)
  from space 10752K, 83% used [0x00000000e5580000,0x00000000e5e4eea0,0x00000000e6000000)
  to   space 15872K, 0% used [0x00000000eef00000,0x00000000eef00000,0x00000000efe80000)
 ParOldGen       total 93184K, used 14710K [0x0000000080000000, 0x0000000085b00000, 0x00000000d5580000)
  object space 93184K, 15% used [0x0000000080000000,0x0000000080e5d988,0x0000000085b00000)
 Metaspace       used 34615K, capacity 35414K, committed 35496K, reserved 1079296K
  class space    used 4743K, capacity 4972K, committed 5040K, reserved 1048576K
Event: 7.261 GC heap after
Heap after GC invocations=7 (full 2):
 PSYoungGen      total 272896K, used 0K [0x00000000d5580000, 0x00000000efe80000, 0x0000000100000000)
  eden space 262144K, 0% used [0x00000000d5580000,0x00000000d5580000,0x00000000e5580000)
  from space 10752K, 0% used [0x00000000e5580000,0x00000000e5580000,0x00000000e6000000)
  to   space 15872K, 0% used [0x00000000eef00000,0x00000000eef00000,0x00000000efe80000)
 ParOldGen       total 127488K, used 15539K [0x0000000080000000, 0x0000000087c80000, 0x00000000d5580000)
  object space 127488K, 12% used [0x0000000080000000,0x0000000080f2ced8,0x0000000087c80000)
 Metaspace       used 34615K, capacity 35414K, committed 35496K, reserved 1079296K
  class space    used 4743K, capacity 4972K, committed 5040K, reserved 1048576K
}
Event: 15.328 GC heap before
{Heap before GC invocations=8 (full 2):
 PSYoungGen      total 272896K, used 262144K [0x00000000d5580000, 0x00000000efe80000, 0x0000000100000000)
  eden space 262144K, 100% used [0x00000000d5580000,0x00000000e5580000,0x00000000e5580000)
  from space 10752K, 0% used [0x00000000e5580000,0x00000000e5580000,0x00000000e6000000)
  to   space 15872K, 0% used [0x00000000eef00000,0x00000000eef00000,0x00000000efe80000)
 ParOldGen       total 127488K, used 15539K [0x0000000080000000, 0x0000000087c80000, 0x00000000d5580000)
  object space 127488K, 12% used [0x0000000080000000,0x0000000080f2ced8,0x0000000087c80000)
 Metaspace       used 54094K, capacity 56048K, committed 56240K, reserved 1097728K
  class space    used 7360K, capacity 7838K, committed 7856K, reserved 1048576K
Event: 15.350 GC heap after
Heap after GC invocations=8 (full 2):
 PSYoungGen      total 409088K, used 15852K [0x00000000d5580000, 0x00000000f1a80000, 0x0000000100000000)
  eden space 393216K, 0% used [0x00000000d5580000,0x00000000d5580000,0x00000000ed580000)
  from space 15872K, 99% used [0x00000000eef00000,0x00000000efe7b310,0x00000000efe80000)
  to   space 26112K, 0% used [0x00000000ed580000,0x00000000ed580000,0x00000000eef00000)
 ParOldGen       total 127488K, used 29368K [0x0000000080000000, 0x0000000087c80000, 0x00000000d5580000)
  object space 127488K, 23% used [0x0000000080000000,0x0000000081cae070,0x0000000087c80000)
 Metaspace       used 54094K, capacity 56048K, committed 56240K, reserved 1097728K
  class space    used 7360K, capacity 7838K, committed 7856K, reserved 1048576K
}
Event: 15.706 GC heap before
{Heap before GC invocations=9 (full 2):
 PSYoungGen      total 409088K, used 58606K [0x00000000d5580000, 0x00000000f1a80000, 0x0000000100000000)
  eden space 393216K, 10% used [0x00000000d5580000,0x00000000d7f40858,0x00000000ed580000)
  from space 15872K, 99% used [0x00000000eef00000,0x00000000efe7b310,0x00000000efe80000)
  to   space 26112K, 0% used [0x00000000ed580000,0x00000000ed580000,0x00000000eef00000)
 ParOldGen       total 127488K, used 29368K [0x0000000080000000, 0x0000000087c80000, 0x00000000d5580000)
  object space 127488K, 23% used [0x0000000080000000,0x0000000081cae070,0x0000000087c80000)
 Metaspace       used 56998K, capacity 59094K, committed 59160K, reserved 1099776K
  class space    used 7830K, capacity 8313K, committed 8368K, reserved 1048576K
Event: 15.718 GC heap after
Heap after GC invocations=9 (full 2):
 PSYoungGen      total 419328K, used 19389K [0x00000000d5580000, 0x00000000ffe80000, 0x0000000100000000)
  eden space 393216K, 0% used [0x00000000d5580000,0x00000000d5580000,0x00000000ed580000)
  from space 26112K, 74% used [0x00000000ed580000,0x00000000ee86f5d0,0x00000000eef00000)
  to   space 27136K, 0% used [0x00000000fe400000,0x00000000fe400000,0x00000000ffe80000)
 ParOldGen       total 127488K, used 29376K [0x0000000080000000, 0x0000000087c80000, 0x00000000d5580000)
  object space 127488K, 23% used [0x0000000080000000,0x0000000081cb0070,0x0000000087c80000)
 Metaspace       used 56998K, capacity 59094K, committed 59160K, reserved 1099776K
  class space    used 7830K, capacity 8313K, committed 8368K, reserved 1048576K
}
Event: 15.718 GC heap before
{Heap before GC invocations=10 (full 3):
 PSYoungGen      total 419328K, used 19389K [0x00000000d5580000, 0x00000000ffe80000, 0x0000000100000000)
  eden space 393216K, 0% used [0x00000000d5580000,0x00000000d5580000,0x00000000ed580000)
  from space 26112K, 74% used [0x00000000ed580000,0x00000000ee86f5d0,0x00000000eef00000)
  to   space 27136K, 0% used [0x00000000fe400000,0x00000000fe400000,0x00000000ffe80000)
 ParOldGen       total 127488K, used 29376K [0x0000000080000000, 0x0000000087c80000, 0x00000000d5580000)
  object space 127488K, 23% used [0x0000000080000000,0x0000000081cb0070,0x0000000087c80000)
 Metaspace       used 56998K, capacity 59094K, committed 59160K, reserved 1099776K
  class space    used 7830K, capacity 8313K, committed 8368K, reserved 1048576K
Event: 15.856 GC heap after
Heap after GC invocations=10 (full 3):
 PSYoungGen      total 419328K, used 0K [0x00000000d5580000, 0x00000000ffe80000, 0x0000000100000000)
  eden space 393216K, 0% used [0x00000000d5580000,0x00000000d5580000,0x00000000ed580000)
  from space 26112K, 0% used [0x00000000ed580000,0x00000000ed580000,0x00000000eef00000)
  to   space 27136K, 0% used [0x00000000fe400000,0x00000000fe400000,0x00000000ffe80000)
 ParOldGen       total 177664K, used 32577K [0x0000000080000000, 0x000000008ad80000, 0x00000000d5580000)
  object space 177664K, 18% used [0x0000000080000000,0x0000000081fd0528,0x000000008ad80000)
 Metaspace       used 56976K, capacity 59016K, committed 59160K, reserved 1099776K
  class space    used 7823K, capacity 8300K, committed 8368K, reserved 1048576K
}

